# JRE version: OpenJDK Runtime Environment (17.0.1+12) (build 17.0.1+12-39)
# Java VM: OpenJDK 64-Bit Server VM (17.0.1+12-39, mixed mode, emulated-client, sharing, tiered, compressed oops, compressed class ptrs, g1 gc, windows-amd64)
GC Precious Log:
 CPUs: 8 total, 8 available
 Memory: 16167M
 Large Page Support: Disabled
 NUMA Support: Disabled
 Compressed Oops: Enabled (Zero based)
 Heap Region Size: 2M
 Heap Min Capacity: 8M
 Heap Initial Capacity: 254M
 Heap Max Capacity: 4042M
 Pre-touch: Disabled
 Parallel Workers: 8
 Concurrent Workers: 2
 Concurrent Refinement Workers: 8
 Periodic GC: Disabled
Heap:
 garbage-first heap   total 131072K, used 27163K [0x0000000703600000, 0x0000000800000000)
  region size 2048K, 2 young (4096K), 2 survivors (4096K)
 Metaspace       used 53706K, committed 54208K, reserved 1097728K
  class space    used 7578K, committed 7808K, reserved 1048576K
GC Heap History (20 events):
Event: 2.314 GC heap after
{Heap after GC invocations=3 (full 0):
 garbage-first heap   total 260096K, used 11847K [0x0000000703600000, 0x0000000800000000)
  region size 2048K, 3 young (6144K), 3 survivors (6144K)
 Metaspace       used 16846K, committed 17152K, reserved 1064960K
  class space    used 2278K, committed 2432K, reserved 1048576K
}
Event: 2.941 GC heap before
{Heap before GC invocations=3 (full 0):
 garbage-first heap   total 260096K, used 132679K [0x0000000703600000, 0x0000000800000000)
  region size 2048K, 64 young (131072K), 3 survivors (6144K)
 Metaspace       used 21213K, committed 21504K, reserved 1073152K
  class space    used 2930K, committed 3072K, reserved 1048576K
}
Event: 2.948 GC heap after
{Heap after GC invocations=4 (full 0):
 garbage-first heap   total 260096K, used 14427K [0x0000000703600000, 0x0000000800000000)
  region size 2048K, 4 young (8192K), 4 survivors (8192K)
 Metaspace       used 21213K, committed 21504K, reserved 1073152K
  class space    used 2930K, committed 3072K, reserved 1048576K
}
Event: 3.483 GC heap before
{Heap before GC invocations=5 (full 0):
 garbage-first heap   total 61440K, used 43099K [0x0000000703600000, 0x0000000800000000)
  region size 2048K, 19 young (38912K), 4 survivors (8192K)
 Metaspace       used 25850K, committed 26240K, reserved 1073152K
  class space    used 3592K, committed 3776K, reserved 1048576K
}
Event: 3.493 GC heap after
{Heap after GC invocations=6 (full 0):
 garbage-first heap   total 61440K, used 17733K [0x0000000703600000, 0x0000000800000000)
  region size 2048K, 5 young (10240K), 5 survivors (10240K)
 Metaspace       used 25850K, committed 26240K, reserved 1073152K
  class space    used 3592K, committed 3776K, reserved 1048576K
}
Event: 3.522 GC heap before
{Heap before GC invocations=6 (full 0):
 garbage-first heap   total 61440K, used 19781K [0x0000000703600000, 0x0000000800000000)
  region size 2048K, 6 young (12288K), 5 survivors (10240K)
 Metaspace       used 26089K, committed 26496K, reserved 1073152K
  class space    used 3633K, committed 3840K, reserved 1048576K
}
Event: 3.535 GC heap after
{Heap after GC invocations=7 (full 0):
 garbage-first heap   total 61440K, used 18738K [0x0000000703600000, 0x0000000800000000)
  region size 2048K, 1 young (2048K), 1 survivors (2048K)
 Metaspace       used 26089K, committed 26496K, reserved 1073152K
  class space    used 3633K, committed 3840K, reserved 1048576K
}
Event: 3.900 GC heap before
{Heap before GC invocations=7 (full 0):
 garbage-first heap   total 61440K, used 41266K [0x0000000703600000, 0x0000000800000000)
  region size 2048K, 12 young (24576K), 1 survivors (2048K)
 Metaspace       used 30605K, committed 30976K, reserved 1081344K
  class space    used 4250K, committed 4416K, reserved 1048576K
}
Event: 3.903 GC heap after
{Heap after GC invocations=8 (full 0):
 garbage-first heap   total 61440K, used 18482K [0x0000000703600000, 0x0000000800000000)
  region size 2048K, 1 young (2048K), 1 survivors (2048K)
 Metaspace       used 30605K, committed 30976K, reserved 1081344K
  class space    used 4250K, committed 4416K, reserved 1048576K
}
Event: 4.333 GC heap before
{Heap before GC invocations=8 (full 0):
 garbage-first heap   total 61440K, used 34866K [0x0000000703600000, 0x0000000800000000)
  region size 2048K, 10 young (20480K), 1 survivors (2048K)
 Metaspace       used 35504K, committed 35968K, reserved 1081344K
  class space    used 4913K, committed 5120K, reserved 1048576K
}
Event: 4.336 GC heap after
{Heap after GC invocations=9 (full 0):
 garbage-first heap   total 61440K, used 19475K [0x0000000703600000, 0x0000000800000000)
  region size 2048K, 2 young (4096K), 2 survivors (4096K)
 Metaspace       used 35504K, committed 35968K, reserved 1081344K
  class space    used 4913K, committed 5120K, reserved 1048576K
}
Event: 4.649 GC heap before
{Heap before GC invocations=10 (full 0):
 garbage-first heap   total 61440K, used 42003K [0x0000000703600000, 0x0000000800000000)
  region size 2048K, 13 young (26624K), 2 survivors (4096K)
 Metaspace       used 40917K, committed 41408K, reserved 1089536K
  class space    used 5607K, committed 5824K, reserved 1048576K
}
Event: 4.653 GC heap after
{Heap after GC invocations=11 (full 0):
 garbage-first heap   total 61440K, used 20933K [0x0000000703600000, 0x0000000800000000)
  region size 2048K, 2 young (4096K), 2 survivors (4096K)
 Metaspace       used 40917K, committed 41408K, reserved 1089536K
  class space    used 5607K, committed 5824K, reserved 1048576K
}
Event: 5.100 GC heap before
{Heap before GC invocations=12 (full 0):
 garbage-first heap   total 61440K, used 43461K [0x0000000703600000, 0x0000000800000000)
  region size 2048K, 14 young (28672K), 2 survivors (4096K)
 Metaspace       used 45888K, committed 46400K, reserved 1089536K
  class space    used 6477K, committed 6720K, reserved 1048576K
}
Event: 5.103 GC heap after
{Heap after GC invocations=13 (full 0):
 garbage-first heap   total 61440K, used 22000K [0x0000000703600000, 0x0000000800000000)
  region size 2048K, 2 young (4096K), 2 survivors (4096K)
 Metaspace       used 45888K, committed 46400K, reserved 1089536K
  class space    used 6477K, committed 6720K, reserved 1048576K
}
Event: 5.485 GC heap before
{Heap before GC invocations=13 (full 0):
 garbage-first heap   total 61440K, used 44528K [0x0000000703600000, 0x0000000800000000)
  region size 2048K, 13 young (26624K), 2 survivors (4096K)
 Metaspace       used 49885K, committed 50432K, reserved 1097728K
  class space    used 7054K, committed 7296K, reserved 1048576K
}
Event: 5.488 GC heap after
{Heap after GC invocations=14 (full 0):
 garbage-first heap   total 61440K, used 23928K [0x0000000703600000, 0x0000000800000000)
  region size 2048K, 2 young (4096K), 2 survivors (4096K)
 Metaspace       used 49885K, committed 50432K, reserved 1097728K
  class space    used 7054K, committed 7296K, reserved 1048576K
}
Event: 5.669 GC heap before
{Heap before GC invocations=14 (full 0):
 garbage-first heap   total 61440K, used 46456K [0x0000000703600000, 0x0000000800000000)
  region size 2048K, 13 young (26624K), 2 survivors (4096K)
 Metaspace       used 51419K, committed 51968K, reserved 1097728K
  class space    used 7265K, committed 7488K, reserved 1048576K
}
Event: 5.672 GC heap after
{Heap after GC invocations=15 (full 0):
 garbage-first heap   total 61440K, used 24772K [0x0000000703600000, 0x0000000800000000)
  region size 2048K, 2 young (4096K), 2 survivors (4096K)
 Metaspace       used 51419K, committed 51968K, reserved 1097728K
  class space    used 7265K, committed 7488K, reserved 1048576K
}
Event: 6.047 GC heap before
{Heap before GC invocations=15 (full 0):
 garbage-first heap   total 61440K, used 47300K [0x0000000703600000, 0x0000000800000000)
  region size 2048K, 13 young (26624K), 2 survivors (4096K)
 Metaspace       used 53706K, committed 54208K, reserved 1097728K
  class space    used 7578K, committed 7808K, reserved 1048576K
}

